<?xml version="1.0" encoding="UTF-8"?>
<!-- Generated by org.testng.reporters.JUnitReportReporter -->
<testsuite hostname="DESKTOP-U1F0512" failures="0" tests="1" name="com.orangehrm.TestCases.PersonalDetailsTest" time="11.461" errors="0" timestamp="04 Aug 2020 15:18:17 GMT" skipped="0">
  <testcase classname="com.orangehrm.TestCases.PersonalDetailsTest" name="editpersonaldetails" time="11.461"/>
</testsuite> <!-- com.orangehrm.TestCases.PersonalDetailsTest -->
