<?xml version="1.0" encoding="UTF-8"?>
<!-- Generated by org.testng.reporters.JUnitReportReporter -->
<testsuite hostname="DESKTOP-U1F0512" failures="0" tests="1" name="com.orangehrm.TestCases.LoginDDTest" time="0.000" errors="0" timestamp="29 Jul 2020 10:17:19 GMT" skipped="1">
  <testcase classname="com.orangehrm.TestCases.LoginDDTest" name="logindatadriven" time="0.000">
    <skipped/>
  </testcase> <!-- logindatadriven -->
</testsuite> <!-- com.orangehrm.TestCases.LoginDDTest -->
