<?xml version="1.0" encoding="UTF-8"?>
<!-- Generated by org.testng.reporters.JUnitReportReporter -->
<testsuite hostname="DESKTOP-U1F0512" failures="0" tests="1" name="com.orangehrm.TestCases.LoginTest" time="3.910" errors="0" timestamp="24 Aug 2020 15:19:30 GMT" skipped="0">
  <testcase classname="com.orangehrm.TestCases.LoginTest" name="loginTest" time="3.910"/>
</testsuite> <!-- com.orangehrm.TestCases.LoginTest -->
