<?xml version="1.0" encoding="UTF-8"?>
<!-- Generated by org.testng.reporters.JUnitReportReporter -->
<testsuite hostname="DESKTOP-U1F0512" failures="0" tests="1" name="com.orangehrm.TestCases.PersonalDetailsTest" time="10.196" errors="0" timestamp="31 Jul 2020 15:46:57 GMT" skipped="0">
  <testcase classname="com.orangehrm.TestCases.PersonalDetailsTest" name="editpersonaldetails" time="10.196"/>
</testsuite> <!-- com.orangehrm.TestCases.PersonalDetailsTest -->
