<?xml version="1.0" encoding="UTF-8"?>
<!-- Generated by org.testng.reporters.JUnitReportReporter -->
<testsuite hostname="DESKTOP-U1F0512" failures="0" tests="1" name="com.orangehrm.TestCases.LoginTest" time="4.574" errors="0" timestamp="30 Jul 2020 10:48:30 GMT" skipped="0">
  <testcase classname="com.orangehrm.TestCases.LoginTest" name="loginTest" time="4.574"/>
</testsuite> <!-- com.orangehrm.TestCases.LoginTest -->
