<?xml version="1.0" encoding="UTF-8"?>
<!-- Generated by org.testng.reporters.JUnitReportReporter -->
<testsuite hostname="DESKTOP-U1F0512" failures="0" tests="1" name="com.orangehrm.Database.LoginfromDatabase" time="4.218" errors="0" timestamp="24 Aug 2020 15:19:30 GMT" skipped="0">
  <testcase classname="com.orangehrm.Database.LoginfromDatabase" name="setup" time="4.218"/>
</testsuite> <!-- com.orangehrm.Database.LoginfromDatabase -->
