<?xml version="1.0" encoding="UTF-8"?>
<!-- Generated by org.testng.reporters.JUnitReportReporter -->
<testsuite hostname="DESKTOP-U1F0512" failures="0" tests="1" name="com.orangehrm.TestCases.PersonalDetailsTest" time="11.194" errors="0" timestamp="24 Aug 2020 15:19:30 GMT" skipped="0">
  <testcase classname="com.orangehrm.TestCases.PersonalDetailsTest" name="editpersonaldetails" time="11.194"/>
</testsuite> <!-- com.orangehrm.TestCases.PersonalDetailsTest -->
