<?xml version="1.0" encoding="UTF-8"?>
<!-- Generated by org.testng.reporters.JUnitReportReporter -->
<testsuite hostname="DESKTOP-U1F0512" failures="0" tests="1" name="com.orangehrm.TestCases.PersonalDetailsTest" time="10.565" errors="0" timestamp="30 Jul 2020 17:05:57 GMT" skipped="0">
  <testcase classname="com.orangehrm.TestCases.PersonalDetailsTest" name="editpersonaldetails" time="10.565"/>
</testsuite> <!-- com.orangehrm.TestCases.PersonalDetailsTest -->
